This is pdfTeX, Version 3.14159265-2.6-1.40.16 (TeX Live 2015/Debian) (preloaded format=pdflatex 2018.11.29)  6 DEC 2018 18:54
entering extended mode
 restricted \write18 enabled.
 %&-line parsing enabled.
**bsc-thesis.tex
(./bsc-thesis.tex
LaTeX2e <2016/02/01>
Babel <3.9q> and hyphenation patterns for 81 language(s) loaded.
(/usr/share/texlive/texmf-dist/tex/latex/base/report.cls
Document Class: report 2014/09/29 v1.4h Standard LaTeX document class
(/usr/share/texlive/texmf-dist/tex/latex/base/size12.clo
File: size12.clo 2014/09/29 v1.4h Standard LaTeX file (size option)
)
\c@part=\count79
\c@chapter=\count80
\c@section=\count81
\c@subsection=\count82
\c@subsubsection=\count83
\c@paragraph=\count84
\c@subparagraph=\count85
\c@figure=\count86
\c@table=\count87
\abovecaptionskip=\skip41
\belowcaptionskip=\skip42
\bibindent=\dimen102
)
(/usr/share/texlive/texmf-dist/tex/generic/babel/babel.sty
Package: babel 2016/02/24 3.9q The Babel package

(/usr/share/texlive/texmf-dist/tex/generic/babel-english/english.ldf
Language: english 2012/08/20 v3.3p English support from the babel system

(/usr/share/texlive/texmf-dist/tex/generic/babel/babel.def
File: babel.def 2016/02/24 3.9q Babel common definitions
\babel@savecnt=\count88
\U@D=\dimen103
)
\l@canadian = a dialect from \language\l@american 
\l@australian = a dialect from \language\l@british 
\l@newzealand = a dialect from \language\l@british 
))
(/usr/share/texlive/texmf-dist/tex/latex/base/t1enc.sty
Package: t1enc 1994/06/01 Standard LaTeX package
)
(/usr/share/texlive/texmf-dist/tex/latex/base/inputenc.sty
Package: inputenc 2015/03/17 v1.2c Input encoding file
\inpenc@prehook=\toks14
\inpenc@posthook=\toks15

(/usr/share/texlive/texmf-dist/tex/latex/ucs/utf8x.def
File: utf8x.def 2004/10/17 UCS: Input encoding UTF-8
))
(/usr/share/texlive/texmf-dist/tex/latex/ucs/ucs.sty
Package: ucs 2013/05/11 v2.2 UCS: Unicode input support

(/usr/share/texlive/texmf-dist/tex/latex/ucs/data/uni-global.def
File: uni-global.def 2013/05/13 UCS: Unicode global data
)
\uc@secondtry=\count89
\uc@combtoks=\toks16
\uc@combtoksb=\toks17
\uc@temptokena=\toks18
)
(/usr/share/texlive/texmf-dist/tex/latex/psnfss/times.sty
Package: times 2005/04/12 PSNFSS-v9.2a (SPQR) 
)
(/usr/share/texlive/texmf-dist/tex/latex/fancyhdr/fancyhdr.sty
\fancy@headwidth=\skip43
\f@ncyO@elh=\skip44
\f@ncyO@erh=\skip45
\f@ncyO@olh=\skip46
\f@ncyO@orh=\skip47
\f@ncyO@elf=\skip48
\f@ncyO@erf=\skip49
\f@ncyO@olf=\skip50
\f@ncyO@orf=\skip51
)
(/usr/share/texlive/texmf-dist/tex/latex/mathtools/mathtools.sty
Package: mathtools 2015/11/12 v1.18 mathematical typesetting tools

(/usr/share/texlive/texmf-dist/tex/latex/graphics/keyval.sty
Package: keyval 2014/10/28 v1.15 key=value parser (DPC)
\KV@toks@=\toks19
)
(/usr/share/texlive/texmf-dist/tex/latex/tools/calc.sty
Package: calc 2014/10/28 v4.3 Infix arithmetic (KKT,FJ)
\calc@Acount=\count90
\calc@Bcount=\count91
\calc@Adimen=\dimen104
\calc@Bdimen=\dimen105
\calc@Askip=\skip52
\calc@Bskip=\skip53
LaTeX Info: Redefining \setlength on input line 80.
LaTeX Info: Redefining \addtolength on input line 81.
\calc@Ccount=\count92
\calc@Cskip=\skip54
)
(/usr/share/texlive/texmf-dist/tex/latex/mathtools/mhsetup.sty
Package: mhsetup 2010/01/21 v1.2a programming setup (MH)
)
(/usr/share/texlive/texmf-dist/tex/latex/amsmath/amsmath.sty
Package: amsmath 2016/03/03 v2.15a AMS math features
\@mathmargin=\skip55

For additional information on amsmath, use the `?' option.
(/usr/share/texlive/texmf-dist/tex/latex/amsmath/amstext.sty
Package: amstext 2000/06/29 v2.01 AMS text

(/usr/share/texlive/texmf-dist/tex/latex/amsmath/amsgen.sty
File: amsgen.sty 1999/11/30 v2.0 generic functions
\@emptytoks=\toks20
\ex@=\dimen106
))
(/usr/share/texlive/texmf-dist/tex/latex/amsmath/amsbsy.sty
Package: amsbsy 1999/11/29 v1.2d Bold Symbols
\pmbraise@=\dimen107
)
(/usr/share/texlive/texmf-dist/tex/latex/amsmath/amsopn.sty
Package: amsopn 1999/12/14 v2.01 operator names
)
\inf@bad=\count93
LaTeX Info: Redefining \frac on input line 199.
\uproot@=\count94
\leftroot@=\count95
LaTeX Info: Redefining \overline on input line 297.
\classnum@=\count96
\DOTSCASE@=\count97
LaTeX Info: Redefining \ldots on input line 394.
LaTeX Info: Redefining \dots on input line 397.
LaTeX Info: Redefining \cdots on input line 518.
\Mathstrutbox@=\box26
\strutbox@=\box27
\big@size=\dimen108
LaTeX Font Info:    Redeclaring font encoding OML on input line 630.
LaTeX Font Info:    Redeclaring font encoding OMS on input line 631.
\macc@depth=\count98
\c@MaxMatrixCols=\count99
\dotsspace@=\muskip10
\c@parentequation=\count100
\dspbrk@lvl=\count101
\tag@help=\toks21
\row@=\count102
\column@=\count103
\maxfields@=\count104
\andhelp@=\toks22
\eqnshift@=\dimen109
\alignsep@=\dimen110
\tagshift@=\dimen111
\tagwidth@=\dimen112
\totwidth@=\dimen113
\lineht@=\dimen114
\@envbody=\toks23
\multlinegap=\skip56
\multlinetaggap=\skip57
\mathdisplay@stack=\toks24
LaTeX Info: Redefining \[ on input line 2735.
LaTeX Info: Redefining \] on input line 2736.
)
LaTeX Info: Thecontrolsequence`\('isalreadyrobust on input line 129.
LaTeX Info: Thecontrolsequence`\)'isalreadyrobust on input line 129.
LaTeX Info: Thecontrolsequence`\['isalreadyrobust on input line 129.
LaTeX Info: Thecontrolsequence`\]'isalreadyrobust on input line 129.
\g_MT_multlinerow_int=\count105
\l_MT_multwidth_dim=\dimen115
\origjot=\skip58
\l_MT_shortvdotswithinadjustabove_dim=\dimen116
\l_MT_shortvdotswithinadjustbelow_dim=\dimen117
\l_MT_above_intertext_sep=\dimen118
\l_MT_below_intertext_sep=\dimen119
\l_MT_above_shortintertext_sep=\dimen120
\l_MT_below_shortintertext_sep=\dimen121
)
(/usr/share/texlive/texmf-dist/tex/latex/hyperref/hyperref.sty
Package: hyperref 2012/11/06 v6.83m Hypertext links for LaTeX

(/usr/share/texlive/texmf-dist/tex/generic/oberdiek/hobsub-hyperref.sty
Package: hobsub-hyperref 2012/05/28 v1.13 Bundle oberdiek, subset hyperref (HO)


(/usr/share/texlive/texmf-dist/tex/generic/oberdiek/hobsub-generic.sty
Package: hobsub-generic 2012/05/28 v1.13 Bundle oberdiek, subset generic (HO)
Package: hobsub 2012/05/28 v1.13 Construct package bundles (HO)
Package: infwarerr 2010/04/08 v1.3 Providing info/warning/error messages (HO)
Package: ltxcmds 2011/11/09 v1.22 LaTeX kernel commands for general use (HO)
Package: ifluatex 2010/03/01 v1.3 Provides the ifluatex switch (HO)
Package ifluatex Info: LuaTeX not detected.
Package: ifvtex 2010/03/01 v1.5 Detect VTeX and its facilities (HO)
Package ifvtex Info: VTeX not detected.
Package: intcalc 2007/09/27 v1.1 Expandable calculations with integers (HO)
Package: ifpdf 2011/01/30 v2.3 Provides the ifpdf switch (HO)
Package ifpdf Info: pdfTeX in PDF mode is detected.
Package: etexcmds 2011/02/16 v1.5 Avoid name clashes with e-TeX commands (HO)
Package etexcmds Info: Could not find \expanded.
(etexcmds)             That can mean that you are not using pdfTeX 1.50 or
(etexcmds)             that some package has redefined \expanded.
(etexcmds)             In the latter case, load this package earlier.
Package: kvsetkeys 2012/04/25 v1.16 Key value parser (HO)
Package: kvdefinekeys 2011/04/07 v1.3 Define keys (HO)
Package: pdftexcmds 2011/11/29 v0.20 Utility functions of pdfTeX for LuaTeX (HO
)
Package pdftexcmds Info: LuaTeX not detected.
Package pdftexcmds Info: \pdf@primitive is available.
Package pdftexcmds Info: \pdf@ifprimitive is available.
Package pdftexcmds Info: \pdfdraftmode found.
Package: pdfescape 2011/11/25 v1.13 Implements pdfTeX's escape features (HO)
Package: bigintcalc 2012/04/08 v1.3 Expandable calculations on big integers (HO
)
Package: bitset 2011/01/30 v1.1 Handle bit-vector datatype (HO)
Package: uniquecounter 2011/01/30 v1.2 Provide unlimited unique counter (HO)
)
Package hobsub Info: Skipping package `hobsub' (already loaded).
Package: letltxmacro 2010/09/02 v1.4 Let assignment for LaTeX macros (HO)
Package: hopatch 2012/05/28 v1.2 Wrapper for package hooks (HO)
Package: xcolor-patch 2011/01/30 xcolor patch
Package: atveryend 2011/06/30 v1.8 Hooks at the very end of document (HO)
Package atveryend Info: \enddocument detected (standard20110627).
Package: atbegshi 2011/10/05 v1.16 At begin shipout hook (HO)
Package: refcount 2011/10/16 v3.4 Data extraction from label references (HO)
Package: hycolor 2011/01/30 v1.7 Color options for hyperref/bookmark (HO)
)
(/usr/share/texlive/texmf-dist/tex/generic/ifxetex/ifxetex.sty
Package: ifxetex 2010/09/12 v0.6 Provides ifxetex conditional
)
(/usr/share/texlive/texmf-dist/tex/latex/oberdiek/auxhook.sty
Package: auxhook 2011/03/04 v1.3 Hooks for auxiliary files (HO)
)
(/usr/share/texlive/texmf-dist/tex/latex/oberdiek/kvoptions.sty
Package: kvoptions 2011/06/30 v3.11 Key value format for package options (HO)
)
\@linkdim=\dimen122
\Hy@linkcounter=\count106
\Hy@pagecounter=\count107

(/usr/share/texlive/texmf-dist/tex/latex/hyperref/pd1enc.def
File: pd1enc.def 2012/11/06 v6.83m Hyperref: PDFDocEncoding definition (HO)
)
\Hy@SavedSpaceFactor=\count108

(/usr/share/texlive/texmf-dist/tex/latex/latexconfig/hyperref.cfg
File: hyperref.cfg 2002/06/06 v1.2 hyperref configuration of TeXLive
)
Package hyperref Info: Hyper figures OFF on input line 4443.
Package hyperref Info: Link nesting OFF on input line 4448.
Package hyperref Info: Hyper index ON on input line 4451.
Package hyperref Info: Plain pages OFF on input line 4458.
Package hyperref Info: Backreferencing OFF on input line 4463.
Package hyperref Info: Implicit mode ON; LaTeX internals redefined.
Package hyperref Info: Bookmarks ON on input line 4688.
\c@Hy@tempcnt=\count109

(/usr/share/texlive/texmf-dist/tex/latex/url/url.sty
\Urlmuskip=\muskip11
Package: url 2013/09/16  ver 3.4  Verb mode for urls, etc.
)
LaTeX Info: Redefining \url on input line 5041.
\XeTeXLinkMargin=\dimen123
\Fld@menulength=\count110
\Field@Width=\dimen124
\Fld@charsize=\dimen125
Package hyperref Info: Hyper figures OFF on input line 6295.
Package hyperref Info: Link nesting OFF on input line 6300.
Package hyperref Info: Hyper index ON on input line 6303.
Package hyperref Info: backreferencing OFF on input line 6310.
Package hyperref Info: Link coloring OFF on input line 6315.
Package hyperref Info: Link coloring with OCG OFF on input line 6320.
Package hyperref Info: PDF/A mode OFF on input line 6325.
LaTeX Info: Redefining \ref on input line 6365.
LaTeX Info: Redefining \pageref on input line 6369.
\Hy@abspage=\count111
\c@Item=\count112
\c@Hfootnote=\count113
)

Package hyperref Message: Driver (autodetected): hpdftex.

(/usr/share/texlive/texmf-dist/tex/latex/hyperref/hpdftex.def
File: hpdftex.def 2012/11/06 v6.83m Hyperref driver for pdfTeX
\Fld@listcount=\count114
\c@bookmark@seq@number=\count115

(/usr/share/texlive/texmf-dist/tex/latex/oberdiek/rerunfilecheck.sty
Package: rerunfilecheck 2011/04/15 v1.7 Rerun checks for auxiliary files (HO)
Package uniquecounter Info: New unique counter `rerunfilecheck' on input line 2
82.
)
\Hy@SectionHShift=\skip59
)
(/usr/share/texlive/texmf-dist/tex/latex/commath/commath.sty
(/usr/share/texlive/texmf-dist/tex/latex/base/ifthen.sty
Package: ifthen 2014/09/29 v1.1c Standard LaTeX ifthen package (DPC)
))
(/usr/share/texlive/texmf-dist/tex/latex/listings/listings.sty
\lst@mode=\count116
\lst@gtempboxa=\box28
\lst@token=\toks25
\lst@length=\count117
\lst@currlwidth=\dimen126
\lst@column=\count118
\lst@pos=\count119
\lst@lostspace=\dimen127
\lst@width=\dimen128
\lst@newlines=\count120
\lst@lineno=\count121
\lst@maxwidth=\dimen129

(/usr/share/texlive/texmf-dist/tex/latex/listings/lstmisc.sty
File: lstmisc.sty 2015/06/04 1.6 (Carsten Heinz)
\c@lstnumber=\count122
\lst@skipnumbers=\count123
\lst@framebox=\box29
)
(/usr/share/texlive/texmf-dist/tex/latex/listings/listings.cfg
File: listings.cfg 2015/06/04 1.6 listings configuration
))
Package: listings 2015/06/04 1.6 (Carsten Heinz)

(/usr/share/texlive/texmf-dist/tex/latex/xcolor/xcolor.sty
Package: xcolor 2007/01/21 v2.11 LaTeX color extensions (UK)

(/usr/share/texlive/texmf-dist/tex/latex/latexconfig/color.cfg
File: color.cfg 2007/01/18 v1.5 color configuration of teTeX/TeXLive
)
Package xcolor Info: Driver file: pdftex.def on input line 225.

(/usr/share/texlive/texmf-dist/tex/latex/pdftex-def/pdftex.def
File: pdftex.def 2011/05/27 v0.06d Graphics/color for pdfTeX
\Gread@gobject=\count124
)
Package xcolor Info: Model `cmy' substituted by `cmy0' on input line 1337.
Package xcolor Info: Model `hsb' substituted by `rgb' on input line 1341.
Package xcolor Info: Model `RGB' extended on input line 1353.
Package xcolor Info: Model `HTML' substituted by `rgb' on input line 1355.
Package xcolor Info: Model `Hsb' substituted by `hsb' on input line 1356.
Package xcolor Info: Model `tHsb' substituted by `hsb' on input line 1357.
Package xcolor Info: Model `HSB' substituted by `hsb' on input line 1358.
Package xcolor Info: Model `Gray' substituted by `gray' on input line 1359.
Package xcolor Info: Model `wave' substituted by `hsb' on input line 1360.
)
(/usr/share/texlive/texmf-dist/tex/latex/graphics/graphicx.sty
Package: graphicx 2014/10/28 v1.0g Enhanced LaTeX Graphics (DPC,SPQR)

(/usr/share/texlive/texmf-dist/tex/latex/graphics/graphics.sty
Package: graphics 2016/01/03 v1.0q Standard LaTeX Graphics (DPC,SPQR)

(/usr/share/texlive/texmf-dist/tex/latex/graphics/trig.sty
Package: trig 2016/01/03 v1.10 sin cos tan (DPC)
)
(/usr/share/texlive/texmf-dist/tex/latex/latexconfig/graphics.cfg
File: graphics.cfg 2010/04/23 v1.9 graphics configuration of TeX Live
)
Package graphics Info: Driver file: pdftex.def on input line 95.
)
\Gin@req@height=\dimen130
\Gin@req@width=\dimen131
)
(/usr/share/texlive/texmf-dist/tex/latex/caption/subcaption.sty
Package: subcaption 2016/02/20 v1.1-142 Sub-captions (AR)

(/usr/share/texlive/texmf-dist/tex/latex/caption/caption.sty
Package: caption 2016/02/21 v3.3-144 Customizing captions (AR)

(/usr/share/texlive/texmf-dist/tex/latex/caption/caption3.sty
Package: caption3 2016/02/04 v1.7-139 caption3 kernel (AR)
Package caption3 Info: TeX engine: e-TeX on input line 67.
\captionmargin=\dimen132
\captionmargin@=\dimen133
\captionwidth=\dimen134
\caption@tempdima=\dimen135
\caption@indent=\dimen136
\caption@parindent=\dimen137
\caption@hangindent=\dimen138
)
\c@ContinuedFloat=\count125
Package caption Info: hyperref package is loaded.
Package caption Info: listings package is loaded.
)
\c@subfigure=\count126
\c@subtable=\count127
)
(/usr/share/texlive/texmf-dist/tex/latex/enumitem/enumitem.sty
Package: enumitem 2011/09/28 v3.5.2 Customized lists
\labelindent=\skip60
\enit@outerparindent=\dimen139
\enit@toks=\toks26
\enit@inbox=\box30
\enitdp@description=\count128
)
(/usr/share/texlive/texmf-dist/tex/latex/wrapfig/wrapfig.sty
\wrapoverhang=\dimen140
\WF@size=\dimen141
\c@WF@wrappedlines=\count129
\WF@box=\box31
\WF@everypar=\toks27
Package: wrapfig 2003/01/31  v 3.6
)
(/usr/share/texlive/texmf-dist/tex/latex/lipsum/lipsum.sty
Package: lipsum 2014/07/27 v1.3 150 paragraphs of Lorem Ipsum dummy text
\c@lips@count=\count130
)
(/usr/share/texlive/texmf-dist/tex/latex/etoolbox/etoolbox.sty
Package: etoolbox 2015/08/02 v2.2a e-TeX tools for LaTeX (JAW)
\etb@tempcnta=\count131
)
(/usr/share/texlive/texmf-dist/tex/latex/datetime/datetime.sty
Package: datetime 2015/03/20 v2.60 Date Time Package

(/usr/share/texlive/texmf-dist/tex/latex/fmtcount/fmtcount.sty
Package: fmtcount 2015/05/05 v3.01

(/usr/share/texlive/texmf-dist/tex/latex/xkeyval/xkeyval.sty
Package: xkeyval 2014/12/03 v2.7a package option processing (HA)

(/usr/share/texlive/texmf-dist/tex/generic/xkeyval/xkeyval.tex
(/usr/share/texlive/texmf-dist/tex/generic/xkeyval/xkvutils.tex
\XKV@toks=\toks28
\XKV@tempa@toks=\toks29
)
\XKV@depth=\count132
File: xkeyval.tex 2014/12/03 v2.7a key=value parser (HA)
))
(/usr/share/texlive/texmf-dist/tex/latex/fmtcount/fcprefix.sty
Package: fcprefix 2012/09/28

(/usr/share/texlive/texmf-dist/tex/latex/fmtcount/fcnumparser.sty
Package: fcnumparser 2012/09/28
\fc@digit@counter=\count133
))
\c@padzeroesN=\count134
\fc@tmpcatcode=\count135

(/usr/share/texlive/texmf-dist/tex/latex/fmtcount/fc-english.def
File: fc-english.def 2013/08/17
)
\@DT@modctr=\count136
\@ordinalctr=\count137
\@orgargctr=\count138
\@strctr=\count139
\@tmpstrctr=\count140
\@DT@loopN=\count141
\@DT@X=\count142
)
(/usr/share/texlive/texmf-dist/tex/latex/datetime/datetime-defaults.sty
Package: datetime-defaults 2013/09/10
)
\@day=\count143
\@month=\count144
\@year=\count145
\c@HOUR=\count146
\c@HOURXII=\count147
\c@MINUTE=\count148
\c@TOHOUR=\count149
\c@TOMINUTE=\count150
\c@SECOND=\count151
\currenthour=\count152
\currentminute=\count153
\currentsecond=\count154
Package datetime Info: No datetime.cfg file found, using default settings on in
put line 308.
\@dtctr=\count155
\dayofyear=\count156
\dayofweek=\count157
LaTeX Info: Redefining \today on input line 736.
\dt@a=\toks30
\dt@b=\toks31
)
(/usr/share/texlive/texmf-dist/tex/latex/listings/lstlang1.sty
File: lstlang1.sty 2015/06/04 1.6 listings language file
)
(./bsc-thesis.aux)
\openout1 = `bsc-thesis.aux'.

LaTeX Font Info:    Checking defaults for OML/cmm/m/it on input line 65.
LaTeX Font Info:    ... okay on input line 65.
LaTeX Font Info:    Checking defaults for T1/cmr/m/n on input line 65.
LaTeX Font Info:    ... okay on input line 65.
LaTeX Font Info:    Checking defaults for OT1/cmr/m/n on input line 65.
LaTeX Font Info:    ... okay on input line 65.
LaTeX Font Info:    Checking defaults for OMS/cmsy/m/n on input line 65.
LaTeX Font Info:    ... okay on input line 65.
LaTeX Font Info:    Checking defaults for OMX/cmex/m/n on input line 65.
LaTeX Font Info:    ... okay on input line 65.
LaTeX Font Info:    Checking defaults for U/cmr/m/n on input line 65.
LaTeX Font Info:    ... okay on input line 65.
LaTeX Font Info:    Checking defaults for PD1/pdf/m/n on input line 65.
LaTeX Font Info:    ... okay on input line 65.
LaTeX Font Info:    Try loading font information for T1+ptm on input line 65.
 (/usr/share/texlive/texmf-dist/tex/latex/psnfss/t1ptm.fd
File: t1ptm.fd 2001/06/04 font definitions for T1/ptm.
)
(/usr/share/texlive/texmf-dist/tex/latex/ucs/ucsencs.def
File: ucsencs.def 2011/01/21 Fixes to fontencodings LGR, T3
)
\AtBeginShipoutBox=\box32
Package hyperref Info: Link coloring OFF on input line 65.

(/usr/share/texlive/texmf-dist/tex/latex/hyperref/nameref.sty
Package: nameref 2012/10/27 v2.43 Cross-referencing by name of section

(/usr/share/texlive/texmf-dist/tex/generic/oberdiek/gettitlestring.sty
Package: gettitlestring 2010/12/03 v1.4 Cleanup title references (HO)
)
\c@section@level=\count158
)
LaTeX Info: Redefining \ref on input line 65.
LaTeX Info: Redefining \pageref on input line 65.
LaTeX Info: Redefining \nameref on input line 65.

(./bsc-thesis.out) (./bsc-thesis.out)
\@outlinefile=\write3
\openout3 = `bsc-thesis.out'.

\c@lstlisting=\count159

(/usr/share/texlive/texmf-dist/tex/context/base/supp-pdf.mkii
[Loading MPS to PDF converter (version 2006.09.02).]
\scratchcounter=\count160
\scratchdimen=\dimen142
\scratchbox=\box33
\nofMPsegments=\count161
\nofMParguments=\count162
\everyMPshowfont=\toks32
\MPscratchCnt=\count163
\MPscratchDim=\dimen143
\MPnumerator=\count164
\makeMPintoPDFobject=\count165
\everyMPtoPDFconversion=\toks33
) (/usr/share/texlive/texmf-dist/tex/latex/oberdiek/epstopdf-base.sty
Package: epstopdf-base 2010/02/09 v2.5 Base part for package epstopdf

(/usr/share/texlive/texmf-dist/tex/latex/oberdiek/grfext.sty
Package: grfext 2010/08/19 v1.1 Manage graphics extensions (HO)
)
Package grfext Info: Graphics extension search list:
(grfext)             [.png,.pdf,.jpg,.mps,.jpeg,.jbig2,.jb2,.PNG,.PDF,.JPG,.JPE
G,.JBIG2,.JB2,.eps]
(grfext)             \AppendGraphicsExtensions on input line 452.

(/usr/share/texlive/texmf-dist/tex/latex/latexconfig/epstopdf-sys.cfg
File: epstopdf-sys.cfg 2010/07/13 v1.3 Configuration of (r)epstopdf for TeX Liv
e
))
Package caption Info: Begin \AtBeginDocument code.
Package caption Info: wrapfig package is loaded.
Package caption Info: End \AtBeginDocument code.
LaTeX Font Info:    Font shape `T1/ptm/bx/n' in size <17.28> not available
(Font)              Font shape `T1/ptm/b/n' tried instead on input line 89.
LaTeX Font Info:    Font shape `T1/ptm/bx/n' in size <20.74> not available
(Font)              Font shape `T1/ptm/b/n' tried instead on input line 98.
LaTeX Font Info:    Font shape `T1/ptm/bx/n' in size <14.4> not available
(Font)              Font shape `T1/ptm/b/n' tried instead on input line 113.

(/usr/share/texlive/texmf-dist/tex/latex/ucs/data/uni-0.def
File: uni-0.def 2013/05/13 UCS: Unicode data U+0000..U+00FF
) [1

{/var/lib/texmf/fonts/map/pdftex/updmap/pdftex.map}]
LaTeX Font Info:    Font shape `T1/ptm/bx/n' in size <24.88> not available
(Font)              Font shape `T1/ptm/b/n' tried instead on input line 138.
 (./bsc-thesis.toc
LaTeX Font Info:    Font shape `T1/ptm/bx/n' in size <12> not available
(Font)              Font shape `T1/ptm/b/n' tried instead on input line 6.
 [2

])
\tf@toc=\write4
\openout4 = `bsc-thesis.toc'.

 [3]
(/usr/share/texlive/texmf-dist/tex/latex/ucs/data/uni-1.def
File: uni-1.def 2013/05/13 UCS: Unicode data U+0100..U+01FF
) [4

] [5]
Package epstopdf Info: Source file: <dia/folyam.eps>
(epstopdf)                    date: 2018-12-05 18:18:36
(epstopdf)                    size: 101840 bytes
(epstopdf)             Output file: <dia/folyam-eps-converted-to.pdf>
(epstopdf)                    date: 2018-12-06 18:44:03
(epstopdf)                    size: 44461 bytes
(epstopdf)             Command: <repstopdf --outfile=dia/folyam-eps-converted-t
o.pdf dia/folyam.eps>
(epstopdf)             \includegraphics on input line 168.
Package epstopdf Info: Output file is already uptodate.


pdfTeX warning: /usr/bin/pdflatex (file ./dia/folyam-eps-converted-to.pdf): PDF
 inclusion: found PDF version <1.7>, but at most version <1.5> allowed
<dia/folyam-eps-converted-to.pdf, id=201, 545.03625pt x 1028.84375pt>
File: dia/folyam-eps-converted-to.pdf Graphic file (type pdf)

<use dia/folyam-eps-converted-to.pdf>
Package pdftex.def Info: dia/folyam-eps-converted-to.pdf used on input line 168
.
(pdftex.def)             Requested size: 192.0548pt x 362.53403pt.

(/usr/share/texlive/texmf-dist/tex/latex/ucs/data/uni-32.def
File: uni-32.def 2013/05/13 UCS: Unicode data U+2000..U+20FF
) [6 <./dia/folyam-eps-converted-to.pdf>] [7] [8] [9

] [10

] [11

] [12]
Chapter 1.
[13

] [14] [15] [16] [17]
Chapter 2.
[18

] [19] <images/net.png, id=286, 235.88126pt x 419.5675pt>
File: images/net.png Graphic file (type png)

<use images/net.png>
Package pdftex.def Info: images/net.png used on input line 300.
(pdftex.def)             Requested size: 149.37956pt x 265.70537pt.
 [20 <./images/net.png>] [21]
LaTeX Font Info:    Try loading font information for T1+pcr on input line 338.

(/usr/share/texlive/texmf-dist/tex/latex/psnfss/t1pcr.fd
File: t1pcr.fd 2001/06/04 font definitions for T1/pcr.
)
LaTeX Font Info:    Font shape `T1/pcr/bx/n' in size <10> not available
(Font)              Font shape `T1/pcr/b/n' tried instead on input line 340.
 [22] [23] [24]
[25] [26]
Package epstopdf Info: Source file: <dia/flow.eps>
(epstopdf)                    date: 2018-11-11 11:58:34
(epstopdf)                    size: 79546 bytes
(epstopdf)             Output file: <dia/flow-eps-converted-to.pdf>
(epstopdf)                    date: 2018-12-06 18:44:03
(epstopdf)                    size: 34956 bytes
(epstopdf)             Command: <repstopdf --outfile=dia/flow-eps-converted-to.
pdf dia/flow.eps>
(epstopdf)             \includegraphics on input line 448.
Package epstopdf Info: Output file is already uptodate.


pdfTeX warning: /usr/bin/pdflatex (file ./dia/flow-eps-converted-to.pdf): PDF i
nclusion: found PDF version <1.7>, but at most version <1.5> allowed
<dia/flow-eps-converted-to.pdf, id=395, 522.95375pt x 1056.94875pt>
File: dia/flow-eps-converted-to.pdf Graphic file (type pdf)

<use dia/flow-eps-converted-to.pdf>
Package pdftex.def Info: dia/flow-eps-converted-to.pdf used on input line 448.
(pdftex.def)             Requested size: 192.0548pt x 388.16193pt.
 [27 <./dia/flow-eps-converted-to.pdf>]
[28]
Chapter 3.
<images/masks_before.png, id=410, 301.125pt x 150.5625pt>
File: images/masks_before.png Graphic file (type png)

<use images/masks_before.png>
Package pdftex.def Info: images/masks_before.png used on input line 475.
(pdftex.def)             Requested size: 209.1301pt x 104.56825pt.

<images/masks_after.png, id=411, 301.125pt x 150.5625pt>
File: images/masks_after.png Graphic file (type png)

<use images/masks_after.png>
Package pdftex.def Info: images/masks_after.png used on input line 479.
(pdftex.def)             Requested size: 209.1301pt x 104.56825pt.
 <images/out1.png, id=412, 385.44pt x 192.72pt>
File: images/out1.png Graphic file (type png)

<use images/out1.png>
Package pdftex.def Info: images/out1.png used on input line 488.
(pdftex.def)             Requested size: 341.43436pt x 170.71744pt.
 <images/out2.png, id=413, 385.44pt x 192.72pt>
File: images/out2.png Graphic file (type png)

<use images/out2.png>
Package pdftex.def Info: images/out2.png used on input line 494.
(pdftex.def)             Requested size: 341.43436pt x 170.71744pt.
 <images/layer1.png, id=414, 385.44pt x 192.72pt>
File: images/layer1.png Graphic file (type png)

<use images/layer1.png>
Package pdftex.def Info: images/layer1.png used on input line 504.
(pdftex.def)             Requested size: 341.43436pt x 170.71744pt.
 <images/layer2.png, id=415, 385.44pt x 192.72pt>
File: images/layer2.png Graphic file (type png)

<use images/layer2.png>
Package pdftex.def Info: images/layer2.png used on input line 510.
(pdftex.def)             Requested size: 341.43436pt x 170.71744pt.
 [29

] [30 <./images/masks_before.png> <./images/masks_after.png> <./images/out1.png
> <./images/out2.png>] [31 <./images/layer1.png> <./images/layer2.png>]
Chapter 4.
LaTeX Font Info:    Try loading font information for OMS+ptm on input line 522.

(/usr/share/texlive/texmf-dist/tex/latex/psnfss/omsptm.fd
File: omsptm.fd 
)
LaTeX Font Info:    Font shape `OMS/ptm/m/n' in size <12> not available
(Font)              Font shape `OMS/cmsy/m/n' tried instead on input line 522.
 [32

]
Package epstopdf Info: Source file: <dia/table.eps>
(epstopdf)                    date: 2018-11-20 19:40:53
(epstopdf)                    size: 31259 bytes
(epstopdf)             Output file: <dia/table-eps-converted-to.pdf>
(epstopdf)                    date: 2018-12-06 18:44:04
(epstopdf)                    size: 11907 bytes
(epstopdf)             Command: <repstopdf --outfile=dia/table-eps-converted-to
.pdf dia/table.eps>
(epstopdf)             \includegraphics on input line 535.
Package epstopdf Info: Output file is already uptodate.


pdfTeX warning: /usr/bin/pdflatex (file ./dia/table-eps-converted-to.pdf): PDF 
inclusion: found PDF version <1.7>, but at most version <1.5> allowed
<dia/table-eps-converted-to.pdf, id=449, 490.83376pt x 158.5925pt>
File: dia/table-eps-converted-to.pdf Graphic file (type pdf)

<use dia/table-eps-converted-to.pdf>
Package pdftex.def Info: dia/table-eps-converted-to.pdf used on input line 535.

(pdftex.def)             Requested size: 417.21066pt x 134.80423pt.
Package epstopdf Info: Source file: <dia/all_all.eps>
(epstopdf)                    date: 2018-12-06 18:43:29
(epstopdf)                    size: 282874 bytes
(epstopdf)             Output file: <dia/all_all-eps-converted-to.pdf>
(epstopdf)                    date: 2018-12-06 18:44:05
(epstopdf)                    size: 70415 bytes
(epstopdf)             Command: <repstopdf --outfile=dia/all_all-eps-converted-
to.pdf dia/all_all.eps>
(epstopdf)             \includegraphics on input line 554.
Package epstopdf Info: Output file is already uptodate.


pdfTeX warning: /usr/bin/pdflatex (file ./dia/all_all-eps-converted-to.pdf): PD
F inclusion: found PDF version <1.7>, but at most version <1.5> allowed
<dia/all_all-eps-converted-to.pdf, id=450, 289.08pt x 216.81pt>
File: dia/all_all-eps-converted-to.pdf Graphic file (type pdf)

<use dia/all_all-eps-converted-to.pdf>
Package pdftex.def Info: dia/all_all-eps-converted-to.pdf used on input line 55
4.
(pdftex.def)             Requested size: 202.35461pt x 151.76596pt.
Package epstopdf Info: Source file: <dia/best_all.eps>
(epstopdf)                    date: 2018-12-06 18:42:49
(epstopdf)                    size: 96604 bytes
(epstopdf)             Output file: <dia/best_all-eps-converted-to.pdf>
(epstopdf)                    date: 2018-12-06 18:44:05
(epstopdf)                    size: 31768 bytes
(epstopdf)             Command: <repstopdf --outfile=dia/best_all-eps-converted
-to.pdf dia/best_all.eps>
(epstopdf)             \includegraphics on input line 558.
Package epstopdf Info: Output file is already uptodate.


pdfTeX warning: /usr/bin/pdflatex (file ./dia/best_all-eps-converted-to.pdf): P
DF inclusion: found PDF version <1.7>, but at most version <1.5> allowed
<dia/best_all-eps-converted-to.pdf, id=451, 289.08pt x 216.81pt>
File: dia/best_all-eps-converted-to.pdf Graphic file (type pdf)

<use dia/best_all-eps-converted-to.pdf>
Package pdftex.def Info: dia/best_all-eps-converted-to.pdf used on input line 5
58.
(pdftex.def)             Requested size: 202.35461pt x 151.76596pt.
Package epstopdf Info: Source file: <dia/all_first.eps>
(epstopdf)                    date: 2018-12-06 18:42:13
(epstopdf)                    size: 179781 bytes
(epstopdf)             Output file: <dia/all_first-eps-converted-to.pdf>
(epstopdf)                    date: 2018-12-06 18:44:06
(epstopdf)                    size: 50236 bytes
(epstopdf)             Command: <repstopdf --outfile=dia/all_first-eps-converte
d-to.pdf dia/all_first.eps>
(epstopdf)             \includegraphics on input line 565.
Package epstopdf Info: Output file is already uptodate.


pdfTeX warning: /usr/bin/pdflatex (file ./dia/all_first-eps-converted-to.pdf): 
PDF inclusion: found PDF version <1.7>, but at most version <1.5> allowed
<dia/all_first-eps-converted-to.pdf, id=452, 289.08pt x 216.81pt>
File: dia/all_first-eps-converted-to.pdf Graphic file (type pdf)

<use dia/all_first-eps-converted-to.pdf>
Package pdftex.def Info: dia/all_first-eps-converted-to.pdf used on input line 
565.
(pdftex.def)             Requested size: 202.35461pt x 151.76596pt.
Package epstopdf Info: Source file: <dia/best_first.eps>
(epstopdf)                    date: 2018-12-06 18:39:39
(epstopdf)                    size: 96782 bytes
(epstopdf)             Output file: <dia/best_first-eps-converted-to.pdf>
(epstopdf)                    date: 2018-12-06 18:44:07
(epstopdf)                    size: 31868 bytes
(epstopdf)             Command: <repstopdf --outfile=dia/best_first-eps-convert
ed-to.pdf dia/best_first.eps>
(epstopdf)             \includegraphics on input line 569.
Package epstopdf Info: Output file is already uptodate.


pdfTeX warning: /usr/bin/pdflatex (file ./dia/best_first-eps-converted-to.pdf):
 PDF inclusion: found PDF version <1.7>, but at most version <1.5> allowed
<dia/best_first-eps-converted-to.pdf, id=453, 289.08pt x 216.81pt>
File: dia/best_first-eps-converted-to.pdf Graphic file (type pdf)

<use dia/best_first-eps-converted-to.pdf>
Package pdftex.def Info: dia/best_first-eps-converted-to.pdf used on input line
 569.
(pdftex.def)             Requested size: 202.35461pt x 151.76596pt.
Package epstopdf Info: Source file: <dia/all_second.eps>
(epstopdf)                    date: 2018-12-06 18:41:23
(epstopdf)                    size: 179362 bytes
(epstopdf)             Output file: <dia/all_second-eps-converted-to.pdf>
(epstopdf)                    date: 2018-12-06 18:44:07
(epstopdf)                    size: 50524 bytes
(epstopdf)             Command: <repstopdf --outfile=dia/all_second-eps-convert
ed-to.pdf dia/all_second.eps>
(epstopdf)             \includegraphics on input line 576.
Package epstopdf Info: Output file is already uptodate.


pdfTeX warning: /usr/bin/pdflatex (file ./dia/all_second-eps-converted-to.pdf):
 PDF inclusion: found PDF version <1.7>, but at most version <1.5> allowed
<dia/all_second-eps-converted-to.pdf, id=454, 289.08pt x 216.81pt>
File: dia/all_second-eps-converted-to.pdf Graphic file (type pdf)

<use dia/all_second-eps-converted-to.pdf>
Package pdftex.def Info: dia/all_second-eps-converted-to.pdf used on input line
 576.
(pdftex.def)             Requested size: 202.35461pt x 151.76596pt.
Package epstopdf Info: Source file: <dia/best_second.eps>
(epstopdf)                    date: 2018-12-06 18:40:39
(epstopdf)                    size: 96586 bytes
(epstopdf)             Output file: <dia/best_second-eps-converted-to.pdf>
(epstopdf)                    date: 2018-12-06 18:44:08
(epstopdf)                    size: 31806 bytes
(epstopdf)             Command: <repstopdf --outfile=dia/best_second-eps-conver
ted-to.pdf dia/best_second.eps>
(epstopdf)             \includegraphics on input line 580.
Package epstopdf Info: Output file is already uptodate.


pdfTeX warning: /usr/bin/pdflatex (file ./dia/best_second-eps-converted-to.pdf)
: PDF inclusion: found PDF version <1.7>, but at most version <1.5> allowed
<dia/best_second-eps-converted-to.pdf, id=455, 289.08pt x 216.81pt>
File: dia/best_second-eps-converted-to.pdf Graphic file (type pdf)

<use dia/best_second-eps-converted-to.pdf>
Package pdftex.def Info: dia/best_second-eps-converted-to.pdf used on input lin
e 580.
(pdftex.def)             Requested size: 202.35461pt x 151.76596pt.
 [33 <./dia/table-eps-converted-to.pdf>] [34 <./dia/all_all-eps-converted-to.pd
f> <./dia/best_all-eps-converted-to.pdf> <./dia/all_first-eps-converted-to.pdf>
 <./dia/best_first-eps-converted-to.pdf> <./dia/all_second-eps-converted-to.pdf
> <./dia/best_second-eps-converted-to.pdf>]
Package epstopdf Info: Source file: <dia/stat2.eps>
(epstopdf)                    date: 2018-11-19 21:40:36
(epstopdf)                    size: 50461 bytes
(epstopdf)             Output file: <dia/stat2-eps-converted-to.pdf>
(epstopdf)                    date: 2018-12-06 18:44:08
(epstopdf)                    size: 16510 bytes
(epstopdf)             Command: <repstopdf --outfile=dia/stat2-eps-converted-to
.pdf dia/stat2.eps>
(epstopdf)             \includegraphics on input line 603.
Package epstopdf Info: Output file is already uptodate.


pdfTeX warning: /usr/bin/pdflatex (file ./dia/stat2-eps-converted-to.pdf): PDF 
inclusion: found PDF version <1.7>, but at most version <1.5> allowed
<dia/stat2-eps-converted-to.pdf, id=510, 496.85625pt x 223.83624pt>
File: dia/stat2-eps-converted-to.pdf Graphic file (type pdf)

<use dia/stat2-eps-converted-to.pdf>
Package pdftex.def Info: dia/stat2-eps-converted-to.pdf used on input line 603.

(pdftex.def)             Requested size: 384.10959pt x 173.04436pt.
Package epstopdf Info: Source file: <dia/stat1.eps>
(epstopdf)                    date: 2018-11-19 21:38:27
(epstopdf)                    size: 49925 bytes
(epstopdf)             Output file: <dia/stat1-eps-converted-to.pdf>
(epstopdf)                    date: 2018-12-06 18:44:09
(epstopdf)                    size: 15835 bytes
(epstopdf)             Command: <repstopdf --outfile=dia/stat1-eps-converted-to
.pdf dia/stat1.eps>
(epstopdf)             \includegraphics on input line 608.
Package epstopdf Info: Output file is already uptodate.


pdfTeX warning: /usr/bin/pdflatex (file ./dia/stat1-eps-converted-to.pdf): PDF 
inclusion: found PDF version <1.7>, but at most version <1.5> allowed
<dia/stat1-eps-converted-to.pdf, id=511, 496.85625pt x 223.83624pt>
File: dia/stat1-eps-converted-to.pdf Graphic file (type pdf)

<use dia/stat1-eps-converted-to.pdf>
Package pdftex.def Info: dia/stat1-eps-converted-to.pdf used on input line 608.

(pdftex.def)             Requested size: 384.10959pt x 173.04436pt.
 [35] [36 <./dia/stat2-eps-converted-to.pdf> <./dia/stat1-eps-converted-to.pdf>
]
Chapter 5.
[37

] [38

] (./bsc-thesis.bbl [39

] [40

])
Package atveryend Info: Empty hook `BeforeClearDocument' on input line 673.
 [41]
Package atveryend Info: Empty hook `AfterLastShipout' on input line 673.
 (./bsc-thesis.aux)
Package atveryend Info: Executing hook `AtVeryEndDocument' on input line 673.
Package atveryend Info: Executing hook `AtEndAfterFileList' on input line 673.
Package rerunfilecheck Info: File `bsc-thesis.out' has not changed.
(rerunfilecheck)             Checksum: 5AC4D6DCDEBA9406921E987538759DBB;2121.
Package atveryend Info: Empty hook `AtVeryVeryEnd' on input line 673.
 ) 
Here is how much of TeX's memory you used:
 13863 strings out of 493029
 196539 string characters out of 6136233
 527321 words of memory out of 5000000
 17022 multiletter control sequences out of 15000+600000
 49860 words of font info for 65 fonts, out of 8000000 for 9000
 1142 hyphenation exceptions out of 8191
 44i,12n,95p,1379b,1425s stack positions out of 5000i,500n,10000p,200000b,80000s
{/usr/share/texlive/texmf-dist/fonts/enc/dvips/base/8r.enc}</usr/share/texliv
e/texmf-dist/fonts/type1/public/amsfonts/cm/cmex10.pfb></usr/share/texlive/texm
f-dist/fonts/type1/public/amsfonts/cm/cmmi12.pfb></usr/share/texlive/texmf-dist
/fonts/type1/public/amsfonts/cm/cmmi8.pfb></usr/share/texlive/texmf-dist/fonts/
type1/public/amsfonts/cm/cmr12.pfb></usr/share/texlive/texmf-dist/fonts/type1/p
ublic/amsfonts/cm/cmr8.pfb></usr/share/texlive/texmf-dist/fonts/type1/public/am
sfonts/cm/cmsy10.pfb></usr/share/texlive/texmf-dist/fonts/type1/public/amsfonts
/cm/cmsy8.pfb></usr/share/texlive/texmf-dist/fonts/type1/urw/courier/ucrb8a.pfb
></usr/share/texlive/texmf-dist/fonts/type1/urw/courier/ucrr8a.pfb></usr/share/
texlive/texmf-dist/fonts/type1/urw/times/utmb8a.pfb></usr/share/texlive/texmf-d
ist/fonts/type1/urw/times/utmr8a.pfb></usr/share/texlive/texmf-dist/fonts/type1
/urw/times/utmri8a.pfb>
Output written on bsc-thesis.pdf (41 pages, 911987 bytes).
PDF statistics:
 660 PDF objects out of 1000 (max. 8388607)
 558 compressed objects within 6 object streams
 156 named destinations out of 1000 (max. 500000)
 347 words of extra memory for PDF output out of 10000 (max. 10000000)

