\BOOKMARK [1][-]{chapter*.2}{Tartalmi \366sszefoglal\363 \(content summary in Hungarian\)}{}% 1
\BOOKMARK [1][-]{chapter*.3}{Task proposal}{}% 2
\BOOKMARK [1][-]{chapter*.4}{Content summary}{}% 3
\BOOKMARK [1][-]{chapter*.5}{Introduction}{}% 4
\BOOKMARK [0][-]{chapter.1}{Technical overview}{}% 5
\BOOKMARK [1][-]{section.1.1}{Minimal fully convolutional networks}{chapter.1}% 6
\BOOKMARK [1][-]{section.1.2}{Edge detection}{chapter.1}% 7
\BOOKMARK [2][-]{subsection.1.2.1}{Conventional algorithmic edge detectors}{section.1.2}% 8
\BOOKMARK [2][-]{subsection.1.2.2}{Using the detectors}{section.1.2}% 9
\BOOKMARK [1][-]{section.1.3}{Tools}{chapter.1}% 10
\BOOKMARK [2][-]{subsection.1.3.1}{Software}{section.1.3}% 11
\BOOKMARK [2][-]{subsection.1.3.2}{Hardware}{section.1.3}% 12
\BOOKMARK [0][-]{chapter.2}{Implementation}{}% 13
\BOOKMARK [1][-]{section.2.1}{Preparing the input images}{chapter.2}% 14
\BOOKMARK [1][-]{section.2.2}{Network structure}{chapter.2}% 15
\BOOKMARK [2][-]{subsection.2.2.1}{The objective function and output}{section.2.2}% 16
\BOOKMARK [2][-]{subsection.2.2.2}{Training and error back-propagation}{section.2.2}% 17
\BOOKMARK [1][-]{section.2.3}{Minimization}{chapter.2}% 18
\BOOKMARK [2][-]{subsection.2.3.1}{Testing the worth of a neuron}{section.2.3}% 19
\BOOKMARK [2][-]{subsection.2.3.2}{The minimization process}{section.2.3}% 20
\BOOKMARK [2][-]{subsection.2.3.3}{Selection}{section.2.3}% 21
\BOOKMARK [0][-]{chapter.3}{Metrics}{}% 22
\BOOKMARK [1][-]{section.3.1}{Universal Image Quality Index}{chapter.3}% 23
\BOOKMARK [1][-]{section.3.2}{Visualization}{chapter.3}% 24
\BOOKMARK [0][-]{chapter.4}{Results}{}% 25
\BOOKMARK [1][-]{section.4.1}{Run 1}{chapter.4}% 26
\BOOKMARK [1][-]{section.4.2}{Run 2}{chapter.4}% 27
\BOOKMARK [1][-]{section.4.3}{Run 3}{chapter.4}% 28
\BOOKMARK [0][-]{chapter.5}{Conclusion}{}% 29
\BOOKMARK [0][-]{chapter.6}{Appendix}{}% 30
\BOOKMARK [1][-]{chapter*.20}{Statement}{chapter.6}% 31
\BOOKMARK [1][-]{chapter*.21}{Acknowledgments}{chapter.6}% 32
